<?xml version="1.0" encoding="UTF-8"?>
<!-- Generated by org.testng.reporters.JUnitXMLReporter -->
<testsuite ignored="6" hostname="Toshif" failures="0" tests="2" name="Test" time="18.934" errors="0" timestamp="2023-10-09T19:26:10 IST">
  <testcase classname="com.organization.OrganizationTest" name="organizationPage1" time="9.463"/>
  <testcase classname="com.PractiseExcersise.MyPractiseTest" name="date1" time="0.0"/>
  <testcase classname="com.PractiseExcersise.MyPractiseTest" name="getSystemDateInFormat" time="0.0">
    <ignored/>
  </testcase> <!-- getSystemDateInFormat -->
  <testcase classname="com.PractiseExcersise.MyPractiseTest" name="excelWrite" time="0.0">
    <ignored/>
  </testcase> <!-- excelWrite -->
  <testcase classname="com.PractiseExcersise.MyPractiseTest" name="excelread" time="0.0">
    <ignored/>
  </testcase> <!-- excelread -->
  <testcase classname="com.PractiseExcersise.MyPractiseTest" name="dataProvider" time="0.0">
    <ignored/>
  </testcase> <!-- dataProvider -->
  <testcase classname="com.PractiseExcersise.MyPractiseTest" name="random" time="0.0">
    <ignored/>
  </testcase> <!-- random -->
  <testcase classname="com.PractiseExcersise.MyPractiseTest" name="propertyfile" time="0.0">
    <ignored/>
  </testcase> <!-- propertyfile -->
</testsuite> <!-- Test -->
