<?xml version="1.0" encoding="UTF-8"?>
<testng-results ignored="0" total="1" passed="1" failed="0" skipped="0">
  <reporter-output>
  </reporter-output>
  <suite started-at="2023-10-12T13:23:16 IST" name="Default suite" finished-at="2023-10-12T13:23:35 IST" duration-ms="19158">
    <groups>
      <group name="SmokeSuite">
        <method signature="OrganizationTest.organizationPage1()[pri:0, instance:com.organization.OrganizationTest@242b836]" name="organizationPage1" class="com.organization.OrganizationTest"/>
      </group> <!-- SmokeSuite -->
    </groups>
    <test started-at="2023-10-12T13:23:16 IST" name="Default test" finished-at="2023-10-12T13:23:35 IST" duration-ms="19158">
      <class name="com.organization.OrganizationTest">
        <test-method is-config="true" signature="bsConfig()[pri:0, instance:com.organization.OrganizationTest@242b836]" started-at="2023-10-12T13:23:16 IST" name="bsConfig" finished-at="2023-10-12T13:23:16 IST" duration-ms="5" status="PASS">
          <reporter-output>
          </reporter-output>
        </test-method> <!-- bsConfig -->
        <test-method is-config="true" signature="bcConfig()[pri:0, instance:com.organization.OrganizationTest@242b836]" started-at="2023-10-12T13:23:16 IST" name="bcConfig" finished-at="2023-10-12T13:23:20 IST" duration-ms="4018" status="PASS">
          <reporter-output>
          </reporter-output>
        </test-method> <!-- bcConfig -->
        <test-method is-config="true" signature="bmConfig()[pri:0, instance:com.organization.OrganizationTest@242b836]" started-at="2023-10-12T13:23:20 IST" name="bmConfig" finished-at="2023-10-12T13:23:23 IST" duration-ms="2523" status="PASS">
          <reporter-output>
          </reporter-output>
        </test-method> <!-- bmConfig -->
        <test-method signature="organizationPage1()[pri:0, instance:com.organization.OrganizationTest@242b836]" started-at="2023-10-12T13:23:23 IST" name="organizationPage1" finished-at="2023-10-12T13:23:32 IST" duration-ms="9695" status="PASS">
          <reporter-output>
          </reporter-output>
        </test-method> <!-- organizationPage1 -->
        <test-method is-config="true" signature="amConfig()[pri:0, instance:com.organization.OrganizationTest@242b836]" started-at="2023-10-12T13:23:32 IST" name="amConfig" finished-at="2023-10-12T13:23:34 IST" duration-ms="1472" status="PASS">
          <reporter-output>
          </reporter-output>
        </test-method> <!-- amConfig -->
        <test-method is-config="true" signature="acConfig()[pri:0, instance:com.organization.OrganizationTest@242b836]" started-at="2023-10-12T13:23:34 IST" name="acConfig" finished-at="2023-10-12T13:23:35 IST" duration-ms="1022" status="PASS">
          <reporter-output>
          </reporter-output>
        </test-method> <!-- acConfig -->
        <test-method is-config="true" signature="asConfig()[pri:0, instance:com.organization.OrganizationTest@242b836]" started-at="2023-10-12T13:23:35 IST" name="asConfig" finished-at="2023-10-12T13:23:35 IST" duration-ms="0" status="PASS">
          <reporter-output>
          </reporter-output>
        </test-method> <!-- asConfig -->
      </class> <!-- com.organization.OrganizationTest -->
    </test> <!-- Default test -->
  </suite> <!-- Default suite -->
</testng-results>
